Tech node (nm), Capacity (bytes), Number of banks, Associativity, Output width (bits), Access time (ns), Random cycle time (ns), Dynamic search energy (nJ), Dynamic read energy (nJ), Dynamic write energy (nJ), Standby leakage per bank(mW), Area (mm2), Ndwl, Ndbl, Nspd, Ndcm, Ndsam_level_1, Ndsam_level_2, Data arrary area efficiency %, Ntwl, Ntbl, Ntspd, Ntcm, Ntsam_level_1, Ntsam_level_2, Tag arrary area efficiency %, 
90, 131072, 1, 2, 512, 1.47098, 1.86851, N/A, 0.303592, 0.615022, 63.7023, 2.24949, 2, 2, 1, 2, 2, 1, 78.3192, 2, 2, 4, 1, 8, 1, 77.9289, 
65, 4096, 1, 1, 512, 0.479137, 0.58261, N/A, 0.0704227, 0.0859279, 8.93266, 0.283728, 2, 2, 1, 2, 1, 1, 18.4548, 2, 2, 2, 1, 4, 1, 53.3422, 
65, 1024, 1, 1, 8, 0.550533, 0.401666, N/A, 0.00820059, 0.0097551, 12.1515, 0.0886446, 2, 2, 4, 8, 1, 1, 63.8828, 2, 2, 4, 1, 8, 1, 75.8861, 
65, 1024, 1, 1, 8, 0.389644, 0.316322, N/A, 0.00199548, 0.00186199, 1.98248, 0.0156673, 2, 2, 8, 16, 1, 1, 73.067, N/A, N/A, N/A, N/A, N/A, N/A, N/A, 
65, 1024, 1, 1, 16, 0.389644, 0.316322, N/A, 0.00216182, 0.00262398, 1.96429, 0.0159789, 2, 2, 4, 8, 1, 1, 71.6423, N/A, N/A, N/A, N/A, N/A, N/A, N/A, 
65, 1024, 1, 1, 16, 0.389644, 0.316322, N/A, 0.00216182, 0.00262398, 1.96429, 0.0159789, 2, 2, 1, 8, 1, 1, 71.6423, N/A, N/A, N/A, N/A, N/A, N/A, N/A, 
65, 1024, 1, 1, 16, 0.389644, 0.316322, N/A, 0.00216182, 0.00262398, 1.96429, 0.0159789, 2, 2, 0.25, 8, 1, 1, 71.6423, N/A, N/A, N/A, N/A, N/A, N/A, N/A, 
65, 1024, 1, 1, 20, 0.364191, 0.285221, N/A, 0.00240212, 0.00286193, 2.41062, 0.0177976, 2, 2, 0.3125, 8, 1, 1, 65.3264, N/A, N/A, N/A, N/A, N/A, N/A, N/A, 
65, 1024, 1, 1, 28, 0.398654, 0.319209, N/A, 0.00237163, 0.00406691, 2.03019, 0.0166819, 2, 2, 0.21875, 4, 1, 1, 70.5293, N/A, N/A, N/A, N/A, N/A, N/A, N/A, 
65, 1024, 1, 1, 32, 0.389644, 0.316322, N/A, 0.00251111, 0.00415177, 1.96159, 0.0165291, 2, 2, 0.25, 4, 1, 1, 69.2577, N/A, N/A, N/A, N/A, N/A, N/A, N/A, 
65, 1024, 1, 1, 36, 0.385406, 0.318116, N/A, 0.00263011, 0.00428937, 1.93954, 0.0165766, 2, 2, 0.28125, 4, 1, 1, 70.0481, N/A, N/A, N/A, N/A, N/A, N/A, N/A, 
65, 1024, 1, 1, 64, 0.389644, 0.316322, N/A, 0.00320321, 0.00721369, 1.96657, 0.0179301, 2, 2, 0.25, 2, 1, 1, 63.846, N/A, N/A, N/A, N/A, N/A, N/A, N/A, 
65, 1024, 1, 1, 128, 0.356408, 0.293777, N/A, 0.00685175, 0.0107614, 2.3102, 0.0295259, 2, 2, 0.5, 2, 1, 1, 38.7716, N/A, N/A, N/A, N/A, N/A, N/A, N/A, 
65, 1024, 1, 1, 256, 0.350808, 0.353865, N/A, 0.0196889, 0.0233969, 2.36035, 0.0687037, 2, 2, 1, 2, 1, 1, 16.6623, N/A, N/A, N/A, N/A, N/A, N/A, N/A, 
65, 1024, 1, 1, 20, 0.364191, 0.285221, N/A, 0.00240212, 0.00286193, 2.41062, 0.0177976, 2, 2, 0.3125, 8, 1, 1, 65.3264, N/A, N/A, N/A, N/A, N/A, N/A, N/A, 
65, 1024, 1, 1, 28, 0.398654, 0.319209, N/A, 0.00237163, 0.00406691, 2.03019, 0.0166819, 2, 2, 0.21875, 4, 1, 1, 70.5293, N/A, N/A, N/A, N/A, N/A, N/A, N/A, 
65, 8192, 1, 1, 8, 0.543261, 0.472067, N/A, 0.00916519, 0.00464643, 16.5211, 0.122522, 2, 2, 1, 64, 1, 1, 74.7469, N/A, N/A, N/A, N/A, N/A, N/A, N/A, 
65, 8192, 1, 1, 16, 0.543261, 0.472067, N/A, 0.0096474, 0.00632569, 16.2789, 0.121125, 2, 2, 1, 32, 1, 1, 75.6091, N/A, N/A, N/A, N/A, N/A, N/A, N/A, 
65, 8192, 1, 1, 20, 0.506197, 0.489774, N/A, 0.0109871, 0.00761442, 16.0447, 0.122002, 2, 2, 1.25, 32, 1, 1, 75.5052, N/A, N/A, N/A, N/A, N/A, N/A, N/A, 
65, 8192, 1, 1, 28, 0.558297, 0.472955, N/A, 0.00995563, 0.00904171, 16.398, 0.119785, 2, 2, 0.875, 16, 1, 1, 76.8279, N/A, N/A, N/A, N/A, N/A, N/A, N/A, 
65, 8192, 1, 1, 32, 0.543261, 0.472067, N/A, 0.0106549, 0.00971452, 16.1735, 0.122687, 2, 2, 1, 16, 1, 1, 74.6464, N/A, N/A, N/A, N/A, N/A, N/A, N/A, 
65, 8192, 1, 1, 36, 0.510234, 0.478955, N/A, 0.0116528, 0.0106933, 16.0244, 0.123248, 2, 2, 1.125, 16, 1, 1, 74.4513, N/A, N/A, N/A, N/A, N/A, N/A, N/A, 
65, 8192, 1, 1, 64, 0.543261, 0.472067, N/A, 0.0126579, 0.0164929, 16.1587, 0.128324, 2, 2, 1, 8, 1, 1, 71.367, N/A, N/A, N/A, N/A, N/A, N/A, N/A, 
65, 8192, 1, 1, 64, 0.543261, 0.472067, N/A, 0.0126579, 0.0164929, 16.1587, 0.128324, 2, 2, 1, 8, 1, 1, 71.367, N/A, N/A, N/A, N/A, N/A, N/A, N/A, 
65, 8192, 1, 1, 128, 0.543261, 0.472067, N/A, 0.0166672, 0.0300529, 16.2016, 0.140213, 2, 2, 1, 4, 1, 1, 65.3159, N/A, N/A, N/A, N/A, N/A, N/A, N/A, 
65, 8192, 1, 1, 256, 0.543261, 0.472067, N/A, 0.0246984, 0.0571856, 16.3304, 0.164902, 2, 2, 1, 2, 1, 1, 55.5369, N/A, N/A, N/A, N/A, N/A, N/A, N/A, 
65, 16384, 1, 1, 8, 0.628336, 0.685065, N/A, 0.0176053, 0.00737074, 29.8698, 0.239097, 2, 2, 2, 128, 1, 1, 76.6059, N/A, N/A, N/A, N/A, N/A, N/A, N/A, 
65, 16384, 1, 1, 16, 0.628336, 0.685065, N/A, 0.0185474, 0.00950988, 29.3814, 0.231311, 2, 2, 2, 64, 1, 1, 79.1844, N/A, N/A, N/A, N/A, N/A, N/A, N/A, 
65, 16384, 1, 1, 20, 0.663378, 0.601433, N/A, 0.0165007, 0.00994772, 31.5316, 0.227734, 2, 2, 1.25, 32, 1, 1, 80.5067, N/A, N/A, N/A, N/A, N/A, N/A, N/A, 
65, 16384, 1, 1, 28, 0.629703, 0.64471, N/A, 0.0190717, 0.0124293, 29.8544, 0.229979, 2, 2, 1.75, 32, 1, 1, 80.0318, N/A, N/A, N/A, N/A, N/A, N/A, N/A, 
65, 16384, 1, 1, 32, 0.628336, 0.685065, N/A, 0.0204231, 0.0137668, 29.1654, 0.231661, 2, 2, 2, 32, 1, 1, 79.0649, N/A, N/A, N/A, N/A, N/A, N/A, N/A, 
65, 16384, 1, 1, 36, 0.684566, 0.604031, N/A, 0.0172001, 0.0154518, 31.7476, 0.230852, 2, 2, 1.125, 16, 1, 1, 79.4969, N/A, N/A, N/A, N/A, N/A, N/A, N/A, 
65, 16384, 1, 1, 64, 0.628336, 0.685065, N/A, 0.024192, 0.0223111, 29.1013, 0.240467, 2, 2, 2, 16, 1, 1, 76.1694, N/A, N/A, N/A, N/A, N/A, N/A, N/A, 
65, 16384, 1, 1, 128, 0.717807, 0.614467, N/A, 0.0226991, 0.0497309, 32.0262, 0.249171, 2, 2, 1, 4, 1, 1, 73.5089, N/A, N/A, N/A, N/A, N/A, N/A, N/A, 
65, 16384, 1, 1, 256, 0.717807, 0.614467, N/A, 0.0307303, 0.096108, 32.155, 0.273859, 2, 2, 1, 2, 1, 1, 66.882, N/A, N/A, N/A, N/A, N/A, N/A, N/A, 
65, 131072, 1, 1, 8, 1.5656, 1.36154, N/A, 0.044401, 0.0226292, 216.321, 1.8343, 2, 8, 4, 64, 4, 1, 79.8833, N/A, N/A, N/A, N/A, N/A, N/A, N/A, 
65, 131072, 1, 1, 16, 1.56268, 1.36154, N/A, 0.047657, 0.0269766, 215.435, 1.82148, 2, 8, 4, 32, 4, 1, 80.4456, N/A, N/A, N/A, N/A, N/A, N/A, N/A, 
65, 131072, 1, 1, 32, 1.56575, 1.36154, N/A, 0.0543062, 0.0362184, 216.475, 1.91508, 2, 8, 4, 64, 1, 1, 76.5137, N/A, N/A, N/A, N/A, N/A, N/A, N/A, 
65, 131072, 1, 1, 64, 1.41426, 1.50476, N/A, 0.0831721, 0.0570883, 214.598, 1.79753, 2, 4, 4, 32, 1, 1, 81.5174, N/A, N/A, N/A, N/A, N/A, N/A, N/A, 
65, 131072, 1, 1, 128, 1.42012, 1.50476, N/A, 0.107727, 0.100816, 214.791, 1.93482, 2, 4, 4, 16, 1, 1, 75.733, N/A, N/A, N/A, N/A, N/A, N/A, N/A, 
65, 131072, 1, 1, 256, 1.43319, 1.79972, N/A, 0.159075, 0.222701, 214.444, 1.77416, 2, 2, 4, 8, 1, 1, 82.591, N/A, N/A, N/A, N/A, N/A, N/A, N/A, 
65, 524288, 1, 1, 8, 2.91914, 1.36154, N/A, 0.0777367, 0.0558282, 861.883, 7.17063, 4, 16, 8, 32, 8, 1, 81.739, N/A, N/A, N/A, N/A, N/A, N/A, N/A, 
22, 524288, 1, 1, 8, 1.1028, 0.66424, N/A, 0.010949, 0.00853503, 194.117, 0.905012, 4, 32, 8, 32, 8, 1, 74.1909, N/A, N/A, N/A, N/A, N/A, N/A, N/A, 
28, 524288, 1, 1, 8, 1.32388, 0.338671, N/A, 0.0179278, 0.0147408, 340.502, 1.37581, 8, 16, 8, 16, 8, 1, 79.0529, N/A, N/A, N/A, N/A, N/A, N/A, N/A, 
65, 524288, 1, 1, 8, 2.91914, 1.36154, N/A, 0.0777367, 0.0558282, 861.883, 7.17063, 4, 16, 8, 32, 8, 1, 81.739, N/A, N/A, N/A, N/A, N/A, N/A, N/A, 
65, 524288, 1, 1, 16, 2.91994, 1.36154, N/A, 0.0858167, 0.0651362, 861.741, 7.26755, 4, 16, 8, 32, 4, 1, 80.6489, N/A, N/A, N/A, N/A, N/A, N/A, N/A, 
65, 524288, 1, 1, 32, 2.79118, 3.6591, N/A, 0.114341, 0.07298, 826.679, 7.30831, 2, 16, 8, 32, 4, 1, 80.1991, N/A, N/A, N/A, N/A, N/A, N/A, N/A, 
28, 524288, 1, 1, 8, 1.32388, 0.338671, N/A, 0.0179278, 0.0147408, 340.502, 1.37581, 8, 16, 8, 16, 8, 1, 79.0529, N/A, N/A, N/A, N/A, N/A, N/A, N/A, 
65, 524288, 1, 1, 32, 2.79118, 3.6591, N/A, 0.114341, 0.07298, 826.679, 7.30831, 2, 16, 8, 32, 4, 1, 80.1991, N/A, N/A, N/A, N/A, N/A, N/A, N/A, 
65, 524288, 1, 1, 64, 2.81414, 3.6591, N/A, 0.146486, 0.110037, 828.136, 7.74756, 2, 16, 8, 32, 2, 1, 75.6522, N/A, N/A, N/A, N/A, N/A, N/A, N/A, 
65, 524288, 1, 1, 128, 2.68874, 3.85538, N/A, 0.23677, 0.184603, 826.12, 7.54906, 2, 8, 8, 32, 1, 1, 77.6415, N/A, N/A, N/A, N/A, N/A, N/A, N/A, 
65, 524288, 1, 1, 256, 2.74406, 3.85538, N/A, 0.360748, 0.346927, 828.97, 8.61965, 2, 8, 8, 16, 1, 1, 67.9981, N/A, N/A, N/A, N/A, N/A, N/A, N/A, 
65, 2048, 1, 1, 8, 0.398127, 0.326817, N/A, 0.00351139, 0.00264874, 4.53881, 0.0333612, 2, 2, 0.5, 32, 1, 1, 68.6285, N/A, N/A, N/A, N/A, N/A, N/A, N/A, 
65, 2048, 1, 1, 16, 0.398127, 0.326817, N/A, 0.00379167, 0.00352468, 4.45754, 0.0333504, 2, 2, 0.5, 16, 1, 1, 68.6507, N/A, N/A, N/A, N/A, N/A, N/A, N/A, 
65, 2048, 1, 1, 20, 0.430188, 0.338916, N/A, 0.00332883, 0.00428965, 4.65402, 0.0320286, 2, 2, 0.3125, 8, 1, 1, 71.9029, N/A, N/A, N/A, N/A, N/A, N/A, N/A, 
65, 2048, 1, 1, 28, 0.406802, 0.32781, N/A, 0.00400481, 0.00495112, 4.53846, 0.0344484, 2, 2, 0.4375, 8, 1, 1, 67.2414, N/A, N/A, N/A, N/A, N/A, N/A, N/A, 
65, 2048, 1, 1, 32, 0.398127, 0.326817, N/A, 0.0043618, 0.00527332, 4.43714, 0.0347403, 2, 2, 0.5, 8, 1, 1, 65.9042, N/A, N/A, N/A, N/A, N/A, N/A, N/A, 
65, 2048, 1, 1, 36, 0.392165, 0.327699, N/A, 0.00466009, 0.00556337, 4.36712, 0.0353824, 2, 2, 0.5625, 8, 1, 1, 64.8345, N/A, N/A, N/A, N/A, N/A, N/A, N/A, 
65, 2048, 1, 1, 64, 0.398127, 0.326817, N/A, 0.00547787, 0.00875921, 4.43013, 0.0375387, 2, 2, 0.5, 4, 1, 1, 60.9912, N/A, N/A, N/A, N/A, N/A, N/A, N/A, 
65, 2048, 1, 1, 128, 0.398127, 0.326817, N/A, 0.00772272, 0.0157437, 4.45896, 0.0437086, 2, 2, 0.5, 2, 1, 1, 52.3817, N/A, N/A, N/A, N/A, N/A, N/A, N/A, 
65, 2048, 1, 1, 256, 0.39492, 0.37047, N/A, 0.0203739, 0.0281932, 4.36553, 0.0825723, 2, 2, 1, 2, 1, 1, 27.7276, N/A, N/A, N/A, N/A, N/A, N/A, N/A, 
65, 1024, 1, 1, 256, 0.350808, 0.353865, N/A, 0.0196889, 0.0233969, 2.36035, 0.0687037, 2, 2, 1, 2, 1, 1, 16.6623, N/A, N/A, N/A, N/A, N/A, N/A, N/A, 
65, 1024, 1, 1, 256, 0.350808, 0.353865, N/A, 0.0196889, 0.0233969, 2.36035, 0.0687037, 2, 2, 1, 2, 1, 1, 16.6623, N/A, N/A, N/A, N/A, N/A, N/A, N/A, 
65, 65536, 1, 1, 8, 1.22013, 0.828007, N/A, 0.0345377, 0.0143091, 117.071, 0.909844, 2, 4, 2, 128, 1, 1, 80.5248, N/A, N/A, N/A, N/A, N/A, N/A, N/A, 
65, 65536, 1, 1, 16, 1.21741, 0.828007, N/A, 0.0362547, 0.018426, 116.094, 0.899434, 2, 4, 2, 64, 1, 1, 81.4567, N/A, N/A, N/A, N/A, N/A, N/A, N/A, 
65, 65536, 1, 1, 32, 1.21715, 0.828007, N/A, 0.0401149, 0.027073, 115.662, 0.912215, 2, 4, 2, 32, 1, 1, 80.3154, N/A, N/A, N/A, N/A, N/A, N/A, N/A, 
65, 65536, 1, 1, 64, 1.21929, 0.828007, N/A, 0.0483405, 0.0448852, 115.534, 0.956267, 2, 4, 2, 16, 1, 1, 76.6156, N/A, N/A, N/A, N/A, N/A, N/A, N/A, 
65, 65536, 1, 1, 128, 1.02928, 1.50476, N/A, 0.0846194, 0.0777086, 107.395, 0.901503, 2, 2, 4, 16, 1, 1, 81.2698, N/A, N/A, N/A, N/A, N/A, N/A, N/A, 
65, 65536, 1, 1, 256, 1.20684, 1.12248, N/A, 0.0813121, 0.18996, 115.404, 0.918807, 2, 2, 2, 4, 1, 1, 79.7393, N/A, N/A, N/A, N/A, N/A, N/A, N/A, 
65, 4096, 1, 1, 8, 0.436772, 0.403642, N/A, 0.00641151, 0.00409056, 8.5604, 0.0677204, 2, 2, 1, 64, 1, 1, 67.6172, N/A, N/A, N/A, N/A, N/A, N/A, N/A, 
65, 4096, 1, 1, 16, 0.504264, 0.39489, N/A, 0.00514576, 0.00468195, 8.70734, 0.0615463, 2, 2, 0.5, 16, 1, 1, 74.4002, N/A, N/A, N/A, N/A, N/A, N/A, N/A, 
65, 4096, 1, 1, 20, 0.457425, 0.386031, N/A, 0.00590491, 0.00542125, 8.5569, 0.0616319, 2, 2, 0.625, 16, 1, 1, 74.7322, N/A, N/A, N/A, N/A, N/A, N/A, N/A, 
65, 4096, 1, 1, 28, 0.441988, 0.394514, N/A, 0.00721986, 0.00669881, 8.38466, 0.0656348, 2, 2, 0.875, 16, 1, 1, 70.5833, N/A, N/A, N/A, N/A, N/A, N/A, N/A, 
65, 4096, 1, 1, 32, 0.504264, 0.39489, N/A, 0.00571588, 0.00763336, 8.68694, 0.0629362, 2, 2, 0.5, 8, 1, 1, 72.7572, N/A, N/A, N/A, N/A, N/A, N/A, N/A, 
65, 4096, 1, 1, 28, 0.441988, 0.394514, N/A, 0.00721986, 0.00669881, 8.38466, 0.0656348, 2, 2, 0.875, 16, 1, 1, 70.5833, N/A, N/A, N/A, N/A, N/A, N/A, N/A, 
65, 4096, 1, 1, 32, 0.504264, 0.39489, N/A, 0.00571588, 0.00763336, 8.68694, 0.0629362, 2, 2, 0.5, 8, 1, 1, 72.7572, N/A, N/A, N/A, N/A, N/A, N/A, N/A, 
65, 4096, 1, 1, 36, 0.466042, 0.388417, N/A, 0.00630526, 0.00821646, 8.56336, 0.0631717, 2, 2, 0.5625, 8, 1, 1, 72.6276, N/A, N/A, N/A, N/A, N/A, N/A, N/A, 
65, 4096, 1, 1, 64, 0.504264, 0.39489, N/A, 0.00683196, 0.0135248, 8.67993, 0.0657346, 2, 2, 0.5, 4, 1, 1, 69.6599, N/A, N/A, N/A, N/A, N/A, N/A, N/A, 
65, 4096, 1, 1, 128, 0.504264, 0.39489, N/A, 0.00907681, 0.0253204, 8.70876, 0.0719045, 2, 2, 0.5, 2, 1, 1, 63.6825, N/A, N/A, N/A, N/A, N/A, N/A, N/A, 
65, 4096, 1, 1, 64, 0.504264, 0.39489, N/A, 0.00683196, 0.0135248, 8.67993, 0.0657346, 2, 2, 0.5, 4, 1, 1, 69.6599, N/A, N/A, N/A, N/A, N/A, N/A, N/A, 
65, 4096, 1, 1, 256, 0.436772, 0.403642, N/A, 0.0219447, 0.0379866, 8.36973, 0.1101, 2, 2, 1, 2, 1, 1, 41.59, N/A, N/A, N/A, N/A, N/A, N/A, N/A, 
65, 32768, 1, 1, 8, 0.803423, 0.828007, N/A, 0.0292356, 0.00900705, 58.5354, 0.44268, 2, 2, 2, 128, 1, 1, 82.7516, N/A, N/A, N/A, N/A, N/A, N/A, N/A, 
65, 32768, 1, 1, 16, 0.803423, 0.828007, N/A, 0.0301777, 0.012349, 58.047, 0.434894, 2, 2, 2, 64, 1, 1, 84.2331, N/A, N/A, N/A, N/A, N/A, N/A, N/A, 
65, 32768, 1, 1, 32, 0.803423, 0.828007, N/A, 0.0320534, 0.0190115, 57.8309, 0.435244, 2, 2, 2, 32, 1, 1, 84.1654, N/A, N/A, N/A, N/A, N/A, N/A, N/A, 
65, 32768, 1, 1, 64, 0.803423, 0.828007, N/A, 0.0358223, 0.0323669, 57.7669, 0.44405, 2, 2, 2, 16, 1, 1, 82.4963, N/A, N/A, N/A, N/A, N/A, N/A, N/A, 
65, 32768, 1, 1, 128, 0.803423, 0.828007, N/A, 0.0433607, 0.0590783, 57.8388, 0.46614, 2, 2, 2, 8, 1, 1, 78.5869, N/A, N/A, N/A, N/A, N/A, N/A, N/A, 
65, 32768, 1, 1, 256, 0.803423, 0.828007, N/A, 0.058441, 0.112505, 58.0554, 0.511986, 2, 2, 2, 4, 1, 1, 71.5498, N/A, N/A, N/A, N/A, N/A, N/A, N/A, 
65, 262144, 1, 1, 8, 2.12832, 1.36154, N/A, 0.0562945, 0.034386, 430.941, 3.62329, 2, 16, 4, 32, 8, 1, 80.8822, N/A, N/A, N/A, N/A, N/A, N/A, N/A, 
65, 262144, 1, 1, 16, 2.12562, 1.36154, N/A, 0.0613744, 0.0406939, 430.871, 3.67092, 2, 16, 4, 32, 4, 1, 79.8327, N/A, N/A, N/A, N/A, N/A, N/A, N/A, 
65, 262144, 1, 1, 32, 2.13143, 1.36154, N/A, 0.0729293, 0.0544315, 430.422, 3.76035, 2, 16, 4, 16, 4, 1, 77.9342, N/A, N/A, N/A, N/A, N/A, N/A, N/A, 
65, 262144, 1, 1, 64, 1.97172, 1.50476, N/A, 0.108863, 0.0827793, 429.196, 3.675, 2, 8, 4, 32, 1, 1, 79.7442, N/A, N/A, N/A, N/A, N/A, N/A, N/A, 
65, 262144, 1, 1, 64, 1.97172, 1.50476, N/A, 0.108863, 0.0827793, 429.196, 3.675, 2, 8, 4, 32, 1, 1, 79.7442, N/A, N/A, N/A, N/A, N/A, N/A, N/A, 
65, 262144, 1, 1, 128, 1.9906, 1.50476, N/A, 0.152632, 0.145721, 429.582, 4.00802, 2, 8, 4, 16, 1, 1, 73.1183, N/A, N/A, N/A, N/A, N/A, N/A, N/A, 
65, 262144, 1, 1, 256, 1.99878, 1.79972, N/A, 0.238949, 0.302575, 428.888, 4.02078, 2, 4, 4, 8, 1, 1, 72.8863, N/A, N/A, N/A, N/A, N/A, N/A, N/A, 
28, 16384, 1, 1, 32, 0.269426, 0.338671, N/A, 0.0054713, 0.00317443, 10.6771, 0.0429542, 2, 2, 2, 32, 1, 1, 79.1262, N/A, N/A, N/A, N/A, N/A, N/A, N/A, 
28, 64, 1, 1, 8, 0.0989818, 0.0659912, N/A, 7.55784e-05, 0.000136821, 0.0847153, 0.000345924, 2, 2, 1, 2, 1, 1, 42.6444, N/A, N/A, N/A, N/A, N/A, N/A, N/A, 
28, 64, 1, 1, 8, 0.0989818, 0.0659912, N/A, 7.55784e-05, 0.000136821, 0.0847153, 0.000345924, 2, 2, 0.03125, 2, 1, 1, 42.6444, N/A, N/A, N/A, N/A, N/A, N/A, N/A, 
28, 64, 1, 1, 8, 0.0989818, 0.0659912, N/A, 7.55784e-05, 0.000136821, 0.0847153, 0.000345924, 2, 2, 0.03125, 2, 1, 1, 42.6444, N/A, N/A, N/A, N/A, N/A, N/A, N/A, 
28, 64, 1, 1, 16, 0.0857007, 0.0658615, N/A, 0.000134459, 0.000186302, 0.0702088, 0.000289081, 2, 2, 0.0625, 2, 1, 1, 45.9268, N/A, N/A, N/A, N/A, N/A, N/A, N/A, 
28, 64, 1, 1, 8, 0.0989818, 0.0659912, N/A, 7.55784e-05, 0.000136821, 0.0847153, 0.000345924, 2, 2, 0.03125, 2, 1, 1, 42.6444, N/A, N/A, N/A, N/A, N/A, N/A, N/A, 
28, 64, 1, 1, 17, 0.0873154, 0.0683511, N/A, 0.000133366, 0.000157098, 0.0809984, 0.000328634, 2, 2, 0.0664062, 4, 1, 1, 49.3769, N/A, N/A, N/A, N/A, N/A, N/A, N/A, 
28, 128, 1, 1, 8, 0.10278, 0.0740256, N/A, 0.000121861, 0.000162403, 0.125463, 0.000498694, 2, 2, 0.25, 4, 1, 1, 53.2454, N/A, N/A, N/A, N/A, N/A, N/A, N/A, 
28, 128, 1, 1, 16, 0.10278, 0.0740256, N/A, 0.000144686, 0.000253843, 0.128619, 0.000517323, 2, 2, 0.25, 2, 1, 1, 51.3279, N/A, N/A, N/A, N/A, N/A, N/A, N/A, 
28, 128, 1, 1, 20, 0.0941429, 0.0745162, N/A, 0.000191705, 0.00030679, 0.126543, 0.000515626, 2, 2, 0.3125, 2, 1, 1, 55.7883, N/A, N/A, N/A, N/A, N/A, N/A, N/A, 
28, 128, 1, 1, 28, 0.0928439, 0.0750685, N/A, 0.00023924, 0.00034811, 0.122604, 0.000582097, 2, 2, 0.4375, 2, 1, 1, 48.1506, N/A, N/A, N/A, N/A, N/A, N/A, N/A, 
28, 128, 1, 1, 32, 0.0922939, 0.0755335, N/A, 0.00026422, 0.000365207, 0.117676, 0.000594083, 2, 2, 0.5, 2, 1, 1, 44.696, N/A, N/A, N/A, N/A, N/A, N/A, N/A, 
28, 256, 1, 1, 8, 0.109439, 0.083764, N/A, 0.000205099, 0.000217566, 0.21583, 0.000879309, 2, 2, 0.5, 8, 1, 1, 60.3955, N/A, N/A, N/A, N/A, N/A, N/A, N/A, 
28, 256, 1, 1, 16, 0.109439, 0.083764, N/A, 0.000231024, 0.000312106, 0.214033, 0.000895273, 2, 2, 0.5, 4, 1, 1, 59.3185, N/A, N/A, N/A, N/A, N/A, N/A, N/A, 
28, 256, 1, 1, 20, 0.101466, 0.0849176, N/A, 0.000289279, 0.000371999, 0.211267, 0.000931238, 2, 2, 0.625, 4, 1, 1, 59.2057, N/A, N/A, N/A, N/A, N/A, N/A, N/A, 
28, 256, 1, 1, 28, 0.111179, 0.0843448, N/A, 0.000262254, 0.00048575, 0.22159, 0.00095215, 2, 2, 0.4375, 2, 1, 1, 57.3244, N/A, N/A, N/A, N/A, N/A, N/A, N/A, 
28, 256, 1, 1, 32, 0.109439, 0.083764, N/A, 0.000287548, 0.00050316, 0.214755, 0.000957444, 2, 2, 0.5, 2, 1, 1, 55.4667, N/A, N/A, N/A, N/A, N/A, N/A, N/A, 
28, 256, 1, 1, 36, 0.102315, 0.0848545, N/A, 0.000341241, 0.000569065, 0.216126, 0.000997413, 2, 2, 0.5625, 2, 1, 1, 56.2945, N/A, N/A, N/A, N/A, N/A, N/A, N/A, 
28, 256, 1, 1, 64, 0.102539, 0.090289, N/A, 0.000587427, 0.000789401, 0.206628, 0.00137999, 2, 2, 1, 2, 1, 1, 38.4832, N/A, N/A, N/A, N/A, N/A, N/A, N/A, 
28, 512, 1, 1, 8, 0.129873, 0.100585, N/A, 0.000295504, 0.000325983, 0.407776, 0.00163769, 2, 2, 0.125, 8, 1, 1, 64.8553, N/A, N/A, N/A, N/A, N/A, N/A, N/A, 
28, 512, 1, 1, 16, 0.129873, 0.100585, N/A, 0.000321429, 0.000490937, 0.405979, 0.00165487, 2, 2, 0.125, 4, 1, 1, 64.1819, N/A, N/A, N/A, N/A, N/A, N/A, N/A, 
28, 512, 1, 1, 20, 0.124622, 0.0984389, N/A, 0.000340575, 0.000515098, 0.399665, 0.00161743, 2, 2, 0.15625, 4, 1, 1, 68.1758, N/A, N/A, N/A, N/A, N/A, N/A, N/A, 
28, 512, 1, 1, 28, 0.120753, 0.0982649, N/A, 0.00043337, 0.000599678, 0.388411, 0.00172792, 2, 2, 0.21875, 4, 1, 1, 63.1759, N/A, N/A, N/A, N/A, N/A, N/A, N/A, 
28, 512, 1, 1, 32, 0.129873, 0.100585, N/A, 0.000377952, 0.000822816, 0.406701, 0.00172029, 2, 2, 0.125, 2, 1, 1, 61.7412, N/A, N/A, N/A, N/A, N/A, N/A, N/A, 
28, 512, 1, 1, 36, 0.126591, 0.099394, N/A, 0.000390938, 0.00085279, 0.403787, 0.00168982, 2, 2, 0.140625, 2, 1, 1, 65.3097, N/A, N/A, N/A, N/A, N/A, N/A, N/A, 
28, 512, 1, 1, 64, 0.119762, 0.0985967, N/A, 0.000636955, 0.00106818, 0.379195, 0.00200581, 2, 2, 0.25, 2, 1, 1, 52.9526, N/A, N/A, N/A, N/A, N/A, N/A, N/A, 
28, 512, 1, 1, 128, 0.108244, 0.0978441, N/A, 0.00155404, 0.00195799, 0.45719, 0.00414712, 2, 2, 0.5, 2, 1, 1, 25.6112, N/A, N/A, N/A, N/A, N/A, N/A, N/A, 
65, 64, 1, 1, 8, 0.289945, 0.186632, N/A, 0.000326851, 0.000604755, 0.233052, 0.00186526, 2, 2, 0.03125, 2, 1, 1, 42.6201, N/A, N/A, N/A, N/A, N/A, N/A, N/A, 
65, 64, 1, 1, 16, 0.256705, 0.195317, N/A, 0.000601507, 0.000839656, 0.193092, 0.00156582, 2, 2, 0.0625, 2, 1, 1, 45.6936, N/A, N/A, N/A, N/A, N/A, N/A, N/A, 
65, 128, 1, 1, 8, 0.30086, 0.211965, N/A, 0.000529325, 0.000729472, 0.344549, 0.00268867, 2, 2, 0.0625, 4, 1, 1, 53.2217, N/A, N/A, N/A, N/A, N/A, N/A, N/A, 
65, 128, 1, 1, 16, 0.30086, 0.211965, N/A, 0.000630436, 0.00112554, 0.353203, 0.00278878, 2, 2, 0.0625, 2, 1, 1, 51.3113, N/A, N/A, N/A, N/A, N/A, N/A, N/A, 
65, 128, 1, 1, 20, 0.276367, 0.216253, N/A, 0.000839531, 0.00136266, 0.346496, 0.00278475, 2, 2, 0.078125, 2, 1, 1, 55.6677, N/A, N/A, N/A, N/A, N/A, N/A, N/A, 
65, 128, 1, 1, 28, 0.27524, 0.221558, N/A, 0.00105859, 0.00155624, 0.335644, 0.00314225, 2, 2, 0.109375, 2, 1, 1, 48.0692, N/A, N/A, N/A, N/A, N/A, N/A, N/A, 
65, 128, 1, 1, 32, 0.275066, 0.223829, N/A, 0.00116368, 0.00162718, 0.322163, 0.00321022, 2, 2, 0.125, 2, 1, 1, 44.575, N/A, N/A, N/A, N/A, N/A, N/A, N/A, 
65, 256, 1, 1, 8, 0.319447, 0.240703, N/A, 0.000879238, 0.000984572, 0.591276, 0.00474006, 2, 2, 0.125, 8, 1, 1, 60.3772, N/A, N/A, N/A, N/A, N/A, N/A, N/A, 
65, 256, 1, 1, 16, 0.319447, 0.240703, N/A, 0.000990391, 0.00139068, 0.585763, 0.00482556, 2, 2, 0.125, 4, 1, 1, 59.3074, N/A, N/A, N/A, N/A, N/A, N/A, N/A, 
65, 256, 1, 1, 20, 0.33296, 0.243561, N/A, 0.000920765, 0.00200063, 0.653625, 0.00505065, 2, 2, 0.078125, 2, 1, 1, 61.3863, N/A, N/A, N/A, N/A, N/A, N/A, N/A, 
65, 256, 1, 1, 28, 0.32225, 0.24057, N/A, 0.0011308, 0.00214236, 0.606068, 0.00513163, 2, 2, 0.109375, 2, 1, 1, 57.3193, N/A, N/A, N/A, N/A, N/A, N/A, N/A, 
65, 256, 1, 1, 32, 0.319447, 0.240703, N/A, 0.00123635, 0.00221376, 0.587304, 0.00515999, 2, 2, 0.125, 2, 1, 1, 55.4635, N/A, N/A, N/A, N/A, N/A, N/A, N/A, 
65, 256, 1, 1, 36, 0.297978, 0.245254, N/A, 0.0014697, 0.00250399, 0.589864, 0.00538258, 2, 2, 0.140625, 2, 1, 1, 56.2161, N/A, N/A, N/A, N/A, N/A, N/A, N/A, 
65, 256, 1, 1, 64, 0.301668, 0.264533, N/A, 0.00252199, 0.00344898, 0.562478, 0.00745782, 2, 2, 0.25, 2, 1, 1, 38.3747, N/A, N/A, N/A, N/A, N/A, N/A, N/A, 
65, 512, 1, 1, 8, 0.361686, 0.274262, N/A, 0.00122536, 0.00145644, 1.11538, 0.00882742, 2, 2, 0.125, 8, 1, 1, 64.8414, N/A, N/A, N/A, N/A, N/A, N/A, N/A, 
65, 512, 1, 1, 16, 0.361686, 0.274262, N/A, 0.00133651, 0.00216325, 1.10987, 0.00891948, 2, 2, 0.125, 4, 1, 1, 64.1722, N/A, N/A, N/A, N/A, N/A, N/A, N/A, 
65, 512, 1, 1, 20, 0.353372, 0.275687, N/A, 0.00142309, 0.00227656, 1.09075, 0.0087171, 2, 2, 0.15625, 4, 1, 1, 68.17, N/A, N/A, N/A, N/A, N/A, N/A, N/A, 
65, 512, 1, 1, 28, 0.372426, 0.279656, N/A, 0.00150412, 0.00357207, 1.15448, 0.00944944, 2, 2, 0.109375, 2, 1, 1, 62.2558, N/A, N/A, N/A, N/A, N/A, N/A, N/A, 
65, 512, 1, 1, 32, 0.361686, 0.274262, N/A, 0.00158248, 0.00358772, 1.11141, 0.00927139, 2, 2, 0.125, 2, 1, 1, 61.7364, N/A, N/A, N/A, N/A, N/A, N/A, N/A, 
65, 512, 1, 1, 36, 0.356167, 0.274429, N/A, 0.00163015, 0.00371369, 1.10157, 0.0091066, 2, 2, 0.140625, 2, 1, 1, 65.3089, N/A, N/A, N/A, N/A, N/A, N/A, N/A, 
65, 512, 1, 1, 64, 0.347095, 0.282453, N/A, 0.00268213, 0.00463696, 1.03257, 0.0108304, 2, 2, 0.25, 2, 1, 1, 52.8498, N/A, N/A, N/A, N/A, N/A, N/A, N/A, 
65, 512, 1, 1, 128, 0.31238, 0.277257, N/A, 0.00651666, 0.00837065, 1.23274, 0.0223721, 2, 2, 0.5, 2, 1, 1, 25.5846, N/A, N/A, N/A, N/A, N/A, N/A, N/A, 
65, 1073741824, 1, 1, 256, 106.262, 140.993, N/A, 20.2306, 38.5166, 1.75208e+06, 14109.9, 128, 128, 256, 2, 4, 1, 85.0734, N/A, N/A, N/A, N/A, N/A, N/A, N/A, 
65, 8388608, 1, 1, 256, 12.4758, 16.5798, N/A, 2.46426, 6.99757, 13797, 136.666, 16, 16, 32, 1, 4, 1, 68.6191, N/A, N/A, N/A, N/A, N/A, N/A, N/A, 
65, 32768, 1, 1, 256, 4.06646, 5.97013, N/A, 0.923175, 1.17371, 62.0664, 3.06137, 8, 2, 16, 1, 1, 4, 11.966, N/A, N/A, N/A, N/A, N/A, N/A, N/A, 
65, 32768, 1, 1, 256, 4.06646, 5.97013, N/A, 0.923175, 1.17371, 62.0664, 3.06137, 8, 2, 16, 1, 1, 4, 11.966, N/A, N/A, N/A, N/A, N/A, N/A, N/A, 
65, 2097152, 1, 1, 256, 6.82189, 9.16826, N/A, 1.57184, 6.10515, 3449.24, 34.9758, 8, 8, 16, 1, 4, 1, 67.0315, N/A, N/A, N/A, N/A, N/A, N/A, N/A, 
65, 2097152, 1, 1, 512, 7.14575, 9.37469, N/A, 2.8581, 21.8129, 3443.44, 37.8009, 8, 4, 8, 1, 2, 1, 62.0218, N/A, N/A, N/A, N/A, N/A, N/A, N/A, 
65, 2097152, 1, 1, 1024, 7.22513, 9.6044, N/A, 5.14821, 43.8093, 3470.31, 51.3914, 8, 4, 4, 1, 1, 1, 45.6201, N/A, N/A, N/A, N/A, N/A, N/A, N/A, 
65, 2097152, 1, 1, 512, 7.14575, 9.37469, N/A, 2.8581, 21.8129, 3443.44, 37.8009, 8, 4, 4, 1, 2, 1, 62.0218, N/A, N/A, N/A, N/A, N/A, N/A, N/A, 
65, 2097152, 1, 1, 512, 7.14575, 9.37469, N/A, 2.8581, 21.8129, 3443.44, 37.8009, 8, 4, 8, 1, 2, 1, 62.0218, N/A, N/A, N/A, N/A, N/A, N/A, N/A, 
65, 2097152, 1, 1, 1024, 7.22513, 9.6044, N/A, 5.14821, 43.8093, 3470.31, 51.3914, 8, 4, 4, 1, 1, 1, 45.6201, N/A, N/A, N/A, N/A, N/A, N/A, N/A, 
65, 2097152, 1, 1, 1, 8.25518, 18.7876, N/A, 0.178849, 0.0996839, 3290.24, 31.778, 2, 64, 4, 1, 32, 32, 73.7769, N/A, N/A, N/A, N/A, N/A, N/A, N/A, 
65, 2097152, 1, 1, 8, 7.41546, 10.0611, N/A, 0.242693, 0.182171, 3508.72, 31.7824, 8, 64, 4, 1, 8, 16, 73.7667, N/A, N/A, N/A, N/A, N/A, N/A, N/A, 
65, 524288, 1, 1, 8, 5.21501, 7.29204, N/A, 0.20015, 0.139628, 877.181, 8.03386, 8, 16, 4, 1, 8, 16, 72.9562, N/A, N/A, N/A, N/A, N/A, N/A, N/A, 
65, 32768, 1, 1, 256, 4.06646, 5.97013, N/A, 0.923175, 1.17371, 62.0664, 3.06137, 8, 2, 16, 1, 1, 4, 11.966, N/A, N/A, N/A, N/A, N/A, N/A, N/A, 
65, 64, 1, 1, 8, 0.289945, 0.186632, N/A, 0.000326851, 0.000604755, 0.233052, 0.00186526, 2, 2, 0.125, 2, 1, 1, 42.6201, N/A, N/A, N/A, N/A, N/A, N/A, N/A, 
65, 524288, 1, 1, 256, 2.74406, 3.85538, N/A, 0.360748, 0.346927, 828.97, 8.61965, 2, 8, 8, 16, 1, 1, 67.9981, N/A, N/A, N/A, N/A, N/A, N/A, N/A, 
65, 524288, 1, 1, 512, 2.72454, 4.16748, N/A, 0.597421, 0.724673, 828.276, 8.69324, 2, 4, 4, 8, 1, 1, 67.4225, N/A, N/A, N/A, N/A, N/A, N/A, N/A, 
65, 524288, 1, 1, 1024, 2.78481, 4.16748, N/A, 1.04533, 1.47992, 834.921, 11.4467, 2, 4, 2, 4, 1, 1, 51.2043, N/A, N/A, N/A, N/A, N/A, N/A, N/A, 
65, 524288, 1, 1, 256, 2.74406, 3.85538, N/A, 0.360748, 0.346927, 828.97, 8.61965, 2, 8, 2, 16, 1, 1, 67.9981, N/A, N/A, N/A, N/A, N/A, N/A, N/A, 
65, 524288, 1, 1, 512, 2.72454, 4.16748, N/A, 0.597421, 0.724673, 828.276, 8.69324, 2, 4, 2, 8, 1, 1, 67.4225, N/A, N/A, N/A, N/A, N/A, N/A, N/A, 
65, 524288, 1, 1, 1024, 2.78481, 4.16748, N/A, 1.04533, 1.47992, 834.921, 11.4467, 2, 4, 2, 4, 1, 1, 51.2043, N/A, N/A, N/A, N/A, N/A, N/A, N/A, 
65, 524288, 1, 1, 2048, 3.12407, 4.78334, N/A, 1.29843, 3.4002, 834.561, 9.04953, 2, 2, 1, 2, 1, 1, 64.768, N/A, N/A, N/A, N/A, N/A, N/A, N/A, 
65, 524288, 1, 1, 1024, 2.78481, 4.16748, N/A, 1.04533, 1.47992, 834.921, 11.4467, 2, 4, 1, 4, 1, 1, 51.2043, N/A, N/A, N/A, N/A, N/A, N/A, N/A, 
65, 524288, 1, 1, 2048, 3.12407, 4.78334, N/A, 1.29843, 3.4002, 834.561, 9.04953, 2, 2, 1, 2, 1, 1, 64.768, N/A, N/A, N/A, N/A, N/A, N/A, N/A, 
65, 524288, 1, 1, 4096, 3.34163, 4.16254, N/A, 5.68434, 7.95099, 875.088, 28.9947, 4, 2, 1, 1, 1, 1, 20.2147, N/A, N/A, N/A, N/A, N/A, N/A, N/A, 
65, 2097152, 1, 1, 8, 5.02402, 1.36154, N/A, 0.148458, 0.126549, 3447.53, 28.5866, 8, 32, 2, 32, 8, 1, 82.0131, N/A, N/A, N/A, N/A, N/A, N/A, N/A, 
65, 2097152, 1, 1, 16, 5.02986, 1.36154, N/A, 0.166012, 0.145058, 3441.69, 28.7014, 8, 32, 2, 16, 8, 1, 81.6851, N/A, N/A, N/A, N/A, N/A, N/A, N/A, 
65, 2097152, 1, 1, 32, 4.83574, 1.50476, N/A, 0.21912, 0.18304, 3427.91, 27.7158, 8, 16, 2, 16, 4, 1, 84.5899, N/A, N/A, N/A, N/A, N/A, N/A, N/A, 
65, 2097152, 1, 1, 64, 4.88224, 1.50476, N/A, 0.300631, 0.274547, 3433.57, 29.0079, 8, 16, 2, 32, 1, 1, 80.822, N/A, N/A, N/A, N/A, N/A, N/A, N/A, 
65, 2097152, 1, 1, 128, 4.88245, 1.79972, N/A, 0.484802, 0.471593, 3424.82, 28.8614, 8, 8, 2, 16, 1, 1, 81.2324, N/A, N/A, N/A, N/A, N/A, N/A, N/A, 
65, 2097152, 1, 1, 256, 4.86238, 4.16748, N/A, 0.831307, 0.804889, 3300.11, 30.6243, 4, 8, 2, 16, 1, 1, 76.5561, N/A, N/A, N/A, N/A, N/A, N/A, N/A, 
65, 2097152, 1, 1, 512, 5.03414, 4.16748, N/A, 1.49299, 1.62024, 3313.1, 36.3992, 4, 8, 2, 8, 1, 1, 64.4103, N/A, N/A, N/A, N/A, N/A, N/A, N/A, 
65, 2097152, 1, 1, 1024, 5.44166, 4.78334, N/A, 2.58823, 3.4595, 3311.5, 37.665, 4, 4, 2, 4, 1, 1, 62.2455, N/A, N/A, N/A, N/A, N/A, N/A, N/A, 
65, 2097152, 1, 1, 2048, 5.62201, 4.78334, N/A, 5.47674, 9.68902, 3311.5, 45.4433, 4, 4, 2, 4, 1, 1, 51.5913, N/A, N/A, N/A, N/A, N/A, N/A, N/A, 
65, 2097152, 1, 1, 2048, 5.62201, 4.78334, N/A, 5.47674, 9.68902, 3311.5, 45.4433, 4, 4, 2, 4, 1, 1, 51.5913, N/A, N/A, N/A, N/A, N/A, N/A, N/A, 
28, 2097152, 1, 1, 8, 2.28148, 0.834685, N/A, 0.0374013, 0.0308008, 1266.02, 5.30179, 8, 32, 2, 32, 8, 1, 82.0565, N/A, N/A, N/A, N/A, N/A, N/A, N/A, 
28, 65536, 1, 1, 8, 0.527058, 0.338671, N/A, 0.00692455, 0.00376761, 42.6877, 0.175266, 2, 8, 0.25, 32, 4, 1, 77.5688, N/A, N/A, N/A, N/A, N/A, N/A, N/A, 
28, 2097152, 1, 1, 16, 2.2846, 0.834685, N/A, 0.0417472, 0.0353733, 1264.17, 5.32316, 8, 32, 2, 16, 8, 1, 81.7271, N/A, N/A, N/A, N/A, N/A, N/A, N/A, 
28, 2097152, 1, 1, 8, 2.28148, 0.834685, N/A, 0.0374013, 0.0308008, 1266.02, 5.30179, 8, 32, 2, 32, 8, 1, 82.0565, N/A, N/A, N/A, N/A, N/A, N/A, N/A, 
28, 2097152, 1, 1, 32, 2.30246, 0.834685, N/A, 0.0517885, 0.045988, 1265.23, 5.48453, 8, 32, 2, 16, 4, 1, 79.3225, N/A, N/A, N/A, N/A, N/A, N/A, N/A, 
28, 2097152, 1, 1, 64, 2.27427, 0.910531, N/A, 0.0762521, 0.0672043, 1261.82, 5.38135, 8, 16, 2, 32, 1, 1, 80.8434, N/A, N/A, N/A, N/A, N/A, N/A, N/A, 
28, 2097152, 1, 1, 128, 2.32572, 0.910531, N/A, 0.119996, 0.115435, 1263.7, 5.81817, 8, 16, 2, 16, 1, 1, 74.7737, N/A, N/A, N/A, N/A, N/A, N/A, N/A, 
28, 2097152, 1, 1, 256, 2.43045, 1.06937, N/A, 0.20879, 0.217813, 1261.75, 5.93311, 8, 8, 2, 8, 1, 1, 73.3252, N/A, N/A, N/A, N/A, N/A, N/A, N/A, 
28, 2097152, 1, 1, 512, 2.55545, 1.06937, N/A, 0.398355, 0.443351, 1268.17, 7.17981, 8, 8, 2, 4, 1, 1, 60.593, N/A, N/A, N/A, N/A, N/A, N/A, N/A, 
28, 2097152, 1, 1, 1024, 2.78315, 2.94872, N/A, 0.782826, 0.96377, 1222.03, 7.84027, 4, 8, 2, 8, 1, 1, 55.4888, N/A, N/A, N/A, N/A, N/A, N/A, N/A, 
28, 2097152, 1, 1, 2048, 3.22156, 3.30722, N/A, 1.39295, 2.33214, 1221.47, 8.43321, 4, 4, 2, 4, 1, 1, 51.5873, N/A, N/A, N/A, N/A, N/A, N/A, N/A, 
28, 2097152, 1, 1, 16, 2.2846, 0.834685, N/A, 0.0417472, 0.0353733, 1264.17, 5.32316, 8, 32, 2, 16, 8, 1, 81.7271, N/A, N/A, N/A, N/A, N/A, N/A, N/A, 
28, 2097152, 1, 1, 16, 2.2846, 0.834685, N/A, 0.0417472, 0.0353733, 1264.17, 5.32316, 8, 32, 2, 16, 8, 1, 81.7271, N/A, N/A, N/A, N/A, N/A, N/A, N/A, 
22, 2097152, 1, 1, 16, 1.90898, 0.704864, N/A, 0.0265788, 0.0220157, 770.016, 3.28629, 8, 32, 2, 16, 8, 1, 81.7259, N/A, N/A, N/A, N/A, N/A, N/A, N/A, 
22, 512, 1, 1, 16, 0.0817841, 0.062339, N/A, 0.000244845, 0.000256426, 0.285518, 0.00115258, 2, 2, 0.03125, 8, 1, 1, 56.8898, N/A, N/A, N/A, N/A, N/A, N/A, N/A, 
22, 512, 1, 1, 16, 0.0817841, 0.062339, N/A, 0.000244845, 0.000256426, 0.285518, 0.00115258, 2, 2, 0.03125, 8, 1, 1, 56.8898, N/A, N/A, N/A, N/A, N/A, N/A, N/A, 
22, 512, 1, 1, 16, 0.0817841, 0.062339, N/A, 0.000244845, 0.000256426, 0.285518, 0.00115258, 2, 2, 0.03125, 8, 1, 1, 56.8898, N/A, N/A, N/A, N/A, N/A, N/A, N/A, 
22, 512, 1, 1, 16, 0.085149, 0.0648907, N/A, 0.000169812, 0.000253359, 0.197545, 0.000488878, 2, 2, 0.015625, 4, 1, 1, 66.6055, N/A, N/A, N/A, N/A, N/A, N/A, N/A, 
22, 512, 1, 1, 16, 0.085149, 0.0648907, N/A, 0.000169812, 0.000253359, 0.197545, 0.000488878, 2, 2, 0.25, 4, 1, 1, 66.6055, N/A, N/A, N/A, N/A, N/A, N/A, N/A, 
22, 512, 1, 1, 32, 0.085149, 0.0648907, N/A, 0.000199444, 0.00042618, 0.198136, 0.000501015, 2, 2, 0.25, 2, 1, 1, 64.992, N/A, N/A, N/A, N/A, N/A, N/A, N/A, 
22, 512, 1, 1, 128, 0.0708781, 0.0618645, N/A, 0.000750268, 0.000945014, 0.228619, 0.0010984, 2, 2, 1, 2, 1, 1, 29.6448, N/A, N/A, N/A, N/A, N/A, N/A, N/A, 
22, 512, 1, 1, 4, 0.0817841, 0.062339, N/A, 0.000208435, 0.00015153, 0.304991, 0.00114292, 2, 2, 0.5, 32, 1, 1, 57.3706, N/A, N/A, N/A, N/A, N/A, N/A, N/A, 
22, 512, 1, 1, 16, 0.0817841, 0.062339, N/A, 0.000244845, 0.000256426, 0.285518, 0.00115258, 2, 2, 0.5, 8, 1, 1, 56.8898, N/A, N/A, N/A, N/A, N/A, N/A, N/A, 
22, 512, 1, 1, 17, 0.0770889, 0.0627677, N/A, 0.00027066, 0.000283114, 0.292843, 0.00119444, 2, 2, 0.53125, 8, 1, 1, 57.6125, N/A, N/A, N/A, N/A, N/A, N/A, N/A, 
22, 512, 1, 1, 32, 0.0817841, 0.062339, N/A, 0.000297161, 0.000398433, 0.286541, 0.00122414, 2, 2, 0.5, 4, 1, 1, 53.564, N/A, N/A, N/A, N/A, N/A, N/A, N/A, 
22, 512, 1, 1, 128, 0.0776714, 0.0684239, N/A, 0.00096784, 0.00123286, 0.282599, 0.00257158, 2, 2, 1, 2, 1, 1, 25.498, N/A, N/A, N/A, N/A, N/A, N/A, N/A, 
22, 512, 1, 1, 128, 0.0776714, 0.0684239, N/A, 0.00096784, 0.00123286, 0.282599, 0.00257158, 2, 2, 1, 2, 1, 1, 25.498, N/A, N/A, N/A, N/A, N/A, N/A, N/A, 
22, 16384, 2, 1, 128, 0.200125, 0.242787, N/A, 0.00535472, 0.00559064, 3.36781, 0.0415257, 2, 2, 4, 8, 1, 1, 50.5287, N/A, N/A, N/A, N/A, N/A, N/A, N/A, 
22, 16384, 1, 1, 128, 0.249057, 0.212964, N/A, 0.00408919, 0.00763942, 7.23001, 0.0285261, 2, 2, 2, 4, 1, 1, 73.5551, N/A, N/A, N/A, N/A, N/A, N/A, N/A, 
22, 16384, 1, 1, 128, 0.249057, 0.212964, N/A, 0.00408919, 0.00763942, 7.23001, 0.0285261, 2, 2, 2, 4, 1, 1, 73.5551, N/A, N/A, N/A, N/A, N/A, N/A, N/A, 
90, 131072, 1, 2, 512, 1.47098, 1.86851, N/A, 0.303592, 0.615022, 63.7023, 2.24949, 2, 2, 1, 2, 2, 1, 78.3192, 2, 2, 4, 1, 8, 1, 77.9289, 
90, 131072, 1, 2, 512, 1.47098, 1.86851, N/A, 0.303592, 0.615022, 63.7023, 2.24949, 2, 2, 1, 2, 2, 1, 78.3192, 2, 2, 4, 1, 8, 1, 77.9289, 
90, 131072, 1, 2, 512, 1.47098, 1.86851, N/A, 0.303592, 0.615022, 63.7023, 2.24949, 2, 2, 1, 2, 2, 1, 78.3192, 2, 2, 4, 1, 8, 1, 77.9289, 
90, 131072, 1, 1, 512, 1.46829, 1.86851, N/A, 0.295412, 0.604703, 63.5039, 2.23203, 2, 2, 2, 4, 1, 1, 78.398, 2, 2, 8, 1, 16, 1, 77.1008, 
